app/build/intermediates/manifest_merge_blame_file/debug/processDebugMainManifest/manifest-merger-blame-debug-report.txt
1<?xml version="1.0" encoding="utf-8"?>
2<manifest xmlns:android="http://schemas.android.com/apk/res/android"
3    package="com.ghostnexora.vpn.debug"
4    android:versionCode="1"
5    android:versionName="1.0.0" >
6
7    <uses-sdk
8        android:minSdkVersion="26"
9        android:targetSdkVersion="35" />
10
11    <!--
12    ═══════════════════════════════════════
13         PERMISOS PRINCIPALES
14    ═══════════════════════════════════════
15    -->
16
17
18    <!-- VPN: Permiso principal para crear interfaz TUN -->
19    <uses-permission android:name="android.permission.BIND_VPN_SERVICE" />
19-->src/main/AndroidManifest.xml:9:5-75
19-->src/main/AndroidManifest.xml:9:22-72
20
21    <!-- Red -->
22    <uses-permission android:name="android.permission.INTERNET" />
22-->src/main/AndroidManifest.xml:12:5-67
22-->src/main/AndroidManifest.xml:12:22-64
23    <uses-permission android:name="android.permission.ACCESS_NETWORK_STATE" />
23-->src/main/AndroidManifest.xml:13:5-79
23-->src/main/AndroidManifest.xml:13:22-76
24    <uses-permission android:name="android.permission.CHANGE_NETWORK_STATE" />
24-->src/main/AndroidManifest.xml:14:5-79
24-->src/main/AndroidManifest.xml:14:22-76
25
26    <!-- Foreground Service (VPN + Floating Window) -->
27    <uses-permission android:name="android.permission.FOREGROUND_SERVICE" />
27-->src/main/AndroidManifest.xml:17:5-77
27-->src/main/AndroidManifest.xml:17:22-74
28    <uses-permission android:name="android.permission.FOREGROUND_SERVICE_SPECIAL_USE" />
28-->src/main/AndroidManifest.xml:18:5-89
28-->src/main/AndroidManifest.xml:18:22-86
29
30    <!-- Ventana flotante sobre otras apps -->
31    <uses-permission android:name="android.permission.SYSTEM_ALERT_WINDOW" />
31-->src/main/AndroidManifest.xml:21:5-78
31-->src/main/AndroidManifest.xml:21:22-75
32
33    <!-- Arrancar al inicio del sistema (reconexión automática) -->
34    <uses-permission android:name="android.permission.RECEIVE_BOOT_COMPLETED" />
34-->src/main/AndroidManifest.xml:24:5-81
34-->src/main/AndroidManifest.xml:24:22-78
35
36    <!-- Ignorar optimizaciones de batería -->
37    <uses-permission android:name="android.permission.REQUEST_IGNORE_BATTERY_OPTIMIZATIONS" />
37-->src/main/AndroidManifest.xml:27:5-95
37-->src/main/AndroidManifest.xml:27:22-92
38
39    <!-- Notificaciones (Android 13+) -->
40    <uses-permission android:name="android.permission.POST_NOTIFICATIONS" />
40-->src/main/AndroidManifest.xml:30:5-77
40-->src/main/AndroidManifest.xml:30:22-74
41
42    <!-- Almacenamiento: Import/Export JSON -->
43    <uses-permission
43-->src/main/AndroidManifest.xml:33:5-34:38
44        android:name="android.permission.READ_EXTERNAL_STORAGE"
44-->src/main/AndroidManifest.xml:33:22-77
45        android:maxSdkVersion="32" />
45-->src/main/AndroidManifest.xml:34:9-35
46    <uses-permission
46-->src/main/AndroidManifest.xml:35:5-36:38
47        android:name="android.permission.WRITE_EXTERNAL_STORAGE"
47-->src/main/AndroidManifest.xml:35:22-78
48        android:maxSdkVersion="29" />
48-->src/main/AndroidManifest.xml:36:9-35
49
50    <!-- Vibración para notificaciones -->
51    <uses-permission android:name="android.permission.VIBRATE" />
51-->src/main/AndroidManifest.xml:39:5-66
51-->src/main/AndroidManifest.xml:39:22-63
52
53    <permission
53-->[androidx.core:core:1.13.1] AndroidManifest.xml:22:5-24:47
54        android:name="com.ghostnexora.vpn.debug.DYNAMIC_RECEIVER_NOT_EXPORTED_PERMISSION"
54-->[androidx.core:core:1.13.1] AndroidManifest.xml:23:9-81
55        android:protectionLevel="signature" />
55-->[androidx.core:core:1.13.1] AndroidManifest.xml:24:9-44
56
57    <uses-permission android:name="com.ghostnexora.vpn.debug.DYNAMIC_RECEIVER_NOT_EXPORTED_PERMISSION" />
57-->[androidx.core:core:1.13.1] AndroidManifest.xml:26:5-97
57-->[androidx.core:core:1.13.1] AndroidManifest.xml:26:22-94
58    <!--
59 ═══════════════════════════════════════
60         APLICACIÓN
61    ═══════════════════════════════════════
62    -->
63    <application
63-->src/main/AndroidManifest.xml:45:5-123:19
64        android:name="com.ghostnexora.vpn.GhostNexoraApp"
64-->src/main/AndroidManifest.xml:46:9-39
65        android:allowBackup="true"
65-->src/main/AndroidManifest.xml:47:9-35
66        android:appComponentFactory="androidx.core.app.CoreComponentFactory"
66-->[androidx.core:core:1.13.1] AndroidManifest.xml:28:18-86
67        android:dataExtractionRules="@xml/data_extraction_rules"
67-->src/main/AndroidManifest.xml:48:9-65
68        android:debuggable="true"
69        android:extractNativeLibs="false"
70        android:fullBackupContent="@xml/backup_rules"
70-->src/main/AndroidManifest.xml:49:9-54
71        android:hardwareAccelerated="true"
71-->src/main/AndroidManifest.xml:56:9-43
72        android:icon="@mipmap/ic_launcher"
72-->src/main/AndroidManifest.xml:50:9-43
73        android:label="@string/app_name"
73-->src/main/AndroidManifest.xml:51:9-41
74        android:networkSecurityConfig="@xml/network_security_config"
74-->src/main/AndroidManifest.xml:55:9-69
75        android:roundIcon="@mipmap/ic_launcher_round"
75-->src/main/AndroidManifest.xml:52:9-54
76        android:supportsRtl="true"
76-->src/main/AndroidManifest.xml:53:9-35
77        android:theme="@style/Theme.GhostNexoraVPN" >
77-->src/main/AndroidManifest.xml:54:9-52
78
79        <!-- ─── ACTIVIDAD PRINCIPAL ─── -->
80        <activity
80-->src/main/AndroidManifest.xml:61:9-71:20
81            android:name="com.ghostnexora.vpn.ui.MainActivity"
81-->src/main/AndroidManifest.xml:62:13-44
82            android:exported="true"
82-->src/main/AndroidManifest.xml:63:13-36
83            android:launchMode="singleTop"
83-->src/main/AndroidManifest.xml:64:13-43
84            android:theme="@style/Theme.GhostNexoraVPN.SplashScreen"
84-->src/main/AndroidManifest.xml:66:13-69
85            android:windowSoftInputMode="adjustResize" >
85-->src/main/AndroidManifest.xml:65:13-55
86            <intent-filter>
86-->src/main/AndroidManifest.xml:67:13-70:29
87                <action android:name="android.intent.action.MAIN" />
87-->src/main/AndroidManifest.xml:68:17-69
87-->src/main/AndroidManifest.xml:68:25-66
88
89                <category android:name="android.intent.category.LAUNCHER" />
89-->src/main/AndroidManifest.xml:69:17-77
89-->src/main/AndroidManifest.xml:69:27-74
90            </intent-filter>
91        </activity>
92
93        <!-- ─── VPN SERVICE ─── -->
94        <service
94-->src/main/AndroidManifest.xml:74:9-87:19
95            android:name="com.ghostnexora.vpn.service.GhostVpnService"
95-->src/main/AndroidManifest.xml:75:13-52
96            android:exported="false"
96-->src/main/AndroidManifest.xml:76:13-37
97            android:foregroundServiceType="specialUse"
97-->src/main/AndroidManifest.xml:77:13-55
98            android:permission="android.permission.BIND_VPN_SERVICE"
98-->src/main/AndroidManifest.xml:78:13-69
99            android:stopWithTask="false" >
99-->src/main/AndroidManifest.xml:79:13-41
100            <intent-filter>
100-->src/main/AndroidManifest.xml:80:13-82:29
101                <action android:name="android.net.VpnService" />
101-->src/main/AndroidManifest.xml:81:17-65
101-->src/main/AndroidManifest.xml:81:25-62
102            </intent-filter>
103
104            <property
104-->src/main/AndroidManifest.xml:83:13-86:40
105                android:name="android.app.PROPERTY_SPECIAL_USE_FGS_SUBTYPE"
105-->src/main/AndroidManifest.xml:84:17-76
106                android:value="VPN connection management" />
106-->src/main/AndroidManifest.xml:85:17-58
107        </service>
108
109        <!-- ─── FLOATING WINDOW SERVICE ─── -->
110        <service
110-->src/main/AndroidManifest.xml:90:9-99:19
111            android:name="com.ghostnexora.vpn.service.FloatingWindowService"
111-->src/main/AndroidManifest.xml:91:13-58
112            android:exported="false"
112-->src/main/AndroidManifest.xml:92:13-37
113            android:foregroundServiceType="specialUse"
113-->src/main/AndroidManifest.xml:93:13-55
114            android:stopWithTask="false" >
114-->src/main/AndroidManifest.xml:94:13-41
115            <property
115-->src/main/AndroidManifest.xml:83:13-86:40
116                android:name="android.app.PROPERTY_SPECIAL_USE_FGS_SUBTYPE"
116-->src/main/AndroidManifest.xml:84:17-76
117                android:value="Floating VPN control overlay" />
117-->src/main/AndroidManifest.xml:85:17-58
118        </service>
119
120        <!-- ─── BOOT RECEIVER (Reconexión automática) ─── -->
121        <receiver
121-->src/main/AndroidManifest.xml:102:9-110:20
122            android:name="com.ghostnexora.vpn.receiver.BootReceiver"
122-->src/main/AndroidManifest.xml:103:13-50
123            android:enabled="true"
123-->src/main/AndroidManifest.xml:105:13-35
124            android:exported="true" >
124-->src/main/AndroidManifest.xml:104:13-36
125            <intent-filter android:priority="1000" >
125-->src/main/AndroidManifest.xml:106:13-109:29
125-->src/main/AndroidManifest.xml:106:28-51
126                <action android:name="android.intent.action.BOOT_COMPLETED" />
126-->src/main/AndroidManifest.xml:107:17-79
126-->src/main/AndroidManifest.xml:107:25-76
127                <action android:name="android.intent.action.QUICKBOOT_POWERON" />
127-->src/main/AndroidManifest.xml:108:17-82
127-->src/main/AndroidManifest.xml:108:25-79
128            </intent-filter>
129        </receiver>
130
131        <!-- ─── PROVEEDOR DE ARCHIVOS ─── -->
132        <provider
133            android:name="androidx.core.content.FileProvider"
133-->src/main/AndroidManifest.xml:114:13-62
134            android:authorities="com.ghostnexora.vpn.debug.fileprovider"
134-->src/main/AndroidManifest.xml:115:13-64
135            android:exported="false"
135-->src/main/AndroidManifest.xml:116:13-37
136            android:grantUriPermissions="true" >
136-->src/main/AndroidManifest.xml:117:13-47
137            <meta-data
137-->src/main/AndroidManifest.xml:118:13-120:63
138                android:name="android.support.FILE_PROVIDER_PATHS"
138-->src/main/AndroidManifest.xml:119:17-67
139                android:resource="@xml/file_provider_paths" />
139-->src/main/AndroidManifest.xml:120:17-60
140        </provider>
141
142        <activity
142-->[androidx.compose.ui:ui-tooling-android:1.6.8] AndroidManifest.xml:23:9-25:39
143            android:name="androidx.compose.ui.tooling.PreviewActivity"
143-->[androidx.compose.ui:ui-tooling-android:1.6.8] AndroidManifest.xml:24:13-71
144            android:exported="true" />
144-->[androidx.compose.ui:ui-tooling-android:1.6.8] AndroidManifest.xml:25:13-36
145        <activity
145-->[androidx.compose.ui:ui-test-manifest:1.6.8] AndroidManifest.xml:23:9-25:39
146            android:name="androidx.activity.ComponentActivity"
146-->[androidx.compose.ui:ui-test-manifest:1.6.8] AndroidManifest.xml:24:13-63
147            android:exported="true" />
147-->[androidx.compose.ui:ui-test-manifest:1.6.8] AndroidManifest.xml:25:13-36
148
149        <provider
149-->[androidx.emoji2:emoji2:1.3.0] AndroidManifest.xml:24:9-32:20
150            android:name="androidx.startup.InitializationProvider"
150-->[androidx.emoji2:emoji2:1.3.0] AndroidManifest.xml:25:13-67
151            android:authorities="com.ghostnexora.vpn.debug.androidx-startup"
151-->[androidx.emoji2:emoji2:1.3.0] AndroidManifest.xml:26:13-68
152            android:exported="false" >
152-->[androidx.emoji2:emoji2:1.3.0] AndroidManifest.xml:27:13-37
153            <meta-data
153-->[androidx.emoji2:emoji2:1.3.0] AndroidManifest.xml:29:13-31:52
154                android:name="androidx.emoji2.text.EmojiCompatInitializer"
154-->[androidx.emoji2:emoji2:1.3.0] AndroidManifest.xml:30:17-75
155                android:value="androidx.startup" />
155-->[androidx.emoji2:emoji2:1.3.0] AndroidManifest.xml:31:17-49
156            <meta-data
156-->[androidx.lifecycle:lifecycle-process:2.8.2] AndroidManifest.xml:29:13-31:52
157                android:name="androidx.lifecycle.ProcessLifecycleInitializer"
157-->[androidx.lifecycle:lifecycle-process:2.8.2] AndroidManifest.xml:30:17-78
158                android:value="androidx.startup" />
158-->[androidx.lifecycle:lifecycle-process:2.8.2] AndroidManifest.xml:31:17-49
159            <meta-data
159-->[androidx.profileinstaller:profileinstaller:1.3.1] AndroidManifest.xml:29:13-31:52
160                android:name="androidx.profileinstaller.ProfileInstallerInitializer"
160-->[androidx.profileinstaller:profileinstaller:1.3.1] AndroidManifest.xml:30:17-85
161                android:value="androidx.startup" />
161-->[androidx.profileinstaller:profileinstaller:1.3.1] AndroidManifest.xml:31:17-49
162        </provider>
163
164        <service
164-->[androidx.room:room-runtime:2.6.1] AndroidManifest.xml:24:9-28:63
165            android:name="androidx.room.MultiInstanceInvalidationService"
165-->[androidx.room:room-runtime:2.6.1] AndroidManifest.xml:25:13-74
166            android:directBootAware="true"
166-->[androidx.room:room-runtime:2.6.1] AndroidManifest.xml:26:13-43
167            android:exported="false" />
167-->[androidx.room:room-runtime:2.6.1] AndroidManifest.xml:27:13-37
168
169        <receiver
169-->[androidx.profileinstaller:profileinstaller:1.3.1] AndroidManifest.xml:34:9-52:20
170            android:name="androidx.profileinstaller.ProfileInstallReceiver"
170-->[androidx.profileinstaller:profileinstaller:1.3.1] AndroidManifest.xml:35:13-76
171            android:directBootAware="false"
171-->[androidx.profileinstaller:profileinstaller:1.3.1] AndroidManifest.xml:36:13-44
172            android:enabled="true"
172-->[androidx.profileinstaller:profileinstaller:1.3.1] AndroidManifest.xml:37:13-35
173            android:exported="true"
173-->[androidx.profileinstaller:profileinstaller:1.3.1] AndroidManifest.xml:38:13-36
174            android:permission="android.permission.DUMP" >
174-->[androidx.profileinstaller:profileinstaller:1.3.1] AndroidManifest.xml:39:13-57
175            <intent-filter>
175-->[androidx.profileinstaller:profileinstaller:1.3.1] AndroidManifest.xml:40:13-42:29
176                <action android:name="androidx.profileinstaller.action.INSTALL_PROFILE" />
176-->[androidx.profileinstaller:profileinstaller:1.3.1] AndroidManifest.xml:41:17-91
176-->[androidx.profileinstaller:profileinstaller:1.3.1] AndroidManifest.xml:41:25-88
177            </intent-filter>
178            <intent-filter>
178-->[androidx.profileinstaller:profileinstaller:1.3.1] AndroidManifest.xml:43:13-45:29
179                <action android:name="androidx.profileinstaller.action.SKIP_FILE" />
179-->[androidx.profileinstaller:profileinstaller:1.3.1] AndroidManifest.xml:44:17-85
179-->[androidx.profileinstaller:profileinstaller:1.3.1] AndroidManifest.xml:44:25-82
180            </intent-filter>
181            <intent-filter>
181-->[androidx.profileinstaller:profileinstaller:1.3.1] AndroidManifest.xml:46:13-48:29
182                <action android:name="androidx.profileinstaller.action.SAVE_PROFILE" />
182-->[androidx.profileinstaller:profileinstaller:1.3.1] AndroidManifest.xml:47:17-88
182-->[androidx.profileinstaller:profileinstaller:1.3.1] AndroidManifest.xml:47:25-85
183            </intent-filter>
184            <intent-filter>
184-->[androidx.profileinstaller:profileinstaller:1.3.1] AndroidManifest.xml:49:13-51:29
185                <action android:name="androidx.profileinstaller.action.BENCHMARK_OPERATION" />
185-->[androidx.profileinstaller:profileinstaller:1.3.1] AndroidManifest.xml:50:17-95
185-->[androidx.profileinstaller:profileinstaller:1.3.1] AndroidManifest.xml:50:25-92
186            </intent-filter>
187        </receiver>
188    </application>
189
190</manifest>